<?xml version="1.0" encoding="utf-8"?>
<!DOCTYPE coverage SYSTEM "http://cobertura.sourceforge.net/xml/coverage-04.dtd">
<coverage line-rate="0.2023463625897703" branch-rate="0.1114997813729777" lines-covered="3691" lines-valid="18241" branches-covered="765" branches-valid="6861" complexity="6742" version="0" timestamp="1637319118">
  <sources />
  <packages>
    <package name="ApprovalTests" line-rate="0.18561484918793503" branch-rate="0.1402116402116402" complexity="645">
      <classes>
        <class name="ApprovalTests.AlwaysWorksReporter" filename="C:\projects\approvaltests-net\src\ApprovalTests\AlwaysWorksReporter.cs" line-rate="1" branch-rate="1" complexity="NaN">
          <methods>
            <method name=".ctor" signature="(ApprovalTests.Core.IApprovalFailureReporter)" line-rate="1" branch-rate="1" complexity="NaN">
              <lines />
            </method>
            <method name="Report" signature="(System.String,System.String)" line-rate="1" branch-rate="1" complexity="NaN">
              <lines />
            </method>
            <method name="IsWorkingInThisEnvironment" signature="(System.String)" line-rate="1" branch-rate="1" complexity="NaN">
              <lines />
            </method>
          </methods>
          <lines />
        </class>
        <class name="ApprovalTests.Approvals" filename="C:\projects\approvaltests-net\src\ApprovalTests\Approvals.cs" line-rate="1" branch-rate="1" complexity="12">
          <methods>
            <method name="CurrentCaller" signature="()" line-rate="1" branch-rate="1" complexity="NaN">
              <lines />
            </method>
            <method name="SetCaller" signature="()" line-rate="1" branch-rate="1" complexity="1">
              <lines />
            </method>
            <method name="Verify" signature="(ApprovalTests.Core.IApprovalWriter,ApprovalTests.Core.IApprovalNamer,ApprovalTests.Core.IApprovalFailureReporter)" line-rate="1" branch-rate="1" complexity="NaN">
              <lines />
            </method>
            <method name="RegisterDefaultApprover" signature="(System.Func`4&lt;ApprovalTests.Core.IApprovalWriter,ApprovalTests.Core.IApprovalNamer,System.Boolean,ApprovalTests.Core.IApprovalApprover&gt;)" line-rate="1" branch-rate="1" complexity="NaN">
              <lines />
            </method>
            <method name="GetDefaultApprover" signature="(ApprovalTests.Core.IApprovalWriter,ApprovalTests.Core.IApprovalNamer,System.Boolean)" line-rate="1" branch-rate="1" complexity="NaN">
              <lines />
            </method>
            <method name="Verify" signature="(ApprovalTests.Core.IApprovalApprover)" line-rate="1" branch-rate="1" complexity="NaN">
              <lines />
            </method>
            <method name="Verify" signature="(ApprovalTests.Core.IApprovalApprover,ApprovalTests.Core.IApprovalFailureReporter)" line-rate="1" branch-rate="1" complexity="NaN">
              <lines />
            </method>
            <method name="GetReporter" signature="()" line-rate="1" branch-rate="1" complexity="1">
              <lines />
            </method>
            <method name="GetReporter" signature="(ApprovalTests.Core.IApprovalFailureReporter)" line-rate="1" branch-rate="1" complexity="NaN">
              <lines />
            </method>
            <method name="GetFrontLoadedReporterFromAttribute" signature="()" line-rate="1" branch-rate="1" complexity="3">
              <lines />
            </method>
            <method name="GetFrontLoadedReporter" signature="(ApprovalTests.Core.IApprovalFailureReporter,ApprovalTests.Core.IEnvironmentAwareReporter)" line-rate="1" branch-rate="1" complexity="NaN">
              <lines />
            </method>
            <method name="WrapAsEnvironmentAwareReporter" signature="(ApprovalTests.Core.IApprovalFailureReporter)" line-rate="1" branch-rate="1" complexity="NaN">
              <lines />
            </method>
            <method name="GetReporterFromAttribute" signature="()" line-rate="1" branch-rate="1" complexity="3">
              <lines />
            </method>
            <method name="Verify" signature="(ApprovalUtilities.Persistence.IExecutableQuery)" line-rate="1" branch-rate="1" complexity="NaN">
              <lines />
            </method>
            <method name="Verify" signature="(ApprovalTests.Core.IApprovalWriter)" line-rate="1" branch-rate="1" complexity="NaN">
              <lines />
            </method>
            <method name="VerifyFile" signature="(System.String)" line-rate="1" branch-rate="1" complexity="NaN">
              <lines />
            </method>
            <method name="Verify" signature="(System.IO.FileInfo)" line-rate="1" branch-rate="1" complexity="NaN">
              <lines />
            </method>
            <method name="VerifyWithCallback" signature="(System.Object,System.Action`1&lt;System.String&gt;)" line-rate="1" branch-rate="1" complexity="NaN">
              <lines />
            </method>
            <method name="VerifyWithCallback" signature="(System.Object,System.Func`2&lt;System.String,System.String&gt;)" line-rate="1" branch-rate="1" complexity="NaN">
              <lines />
            </method>
            <method name="RegisterDefaultNamerCreation" signature="(System.Func`1&lt;ApprovalTests.Core.IApprovalNamer&gt;)" line-rate="1" branch-rate="1" complexity="NaN">
              <lines />
            </method>
            <method name="GetDefaultNamer" signature="()" line-rate="1" branch-rate="1" complexity="1">
              <lines />
            </method>
            <method name="UseAssemblyLocationForApprovedFiles" signature="()" line-rate="1" branch-rate="1" complexity="2">
              <lines />
            </method>
            <method name="Verify" signature="(System.Object)" line-rate="1" branch-rate="1" complexity="NaN">
              <lines />
            </method>
            <method name="Verify" signature="(System.String,System.Func`2&lt;System.String,System.String&gt;)" line-rate="1" branch-rate="1" complexity="NaN">
              <lines />
            </method>
            <method name="VerifyWithExtension" signature="(System.String,System.String,System.Func`2&lt;System.String,System.String&gt;)" line-rate="1" branch-rate="1" complexity="NaN">
              <lines />
            </method>
            <method name="VerifyException" signature="(System.Exception)" line-rate="1" branch-rate="1" complexity="NaN">
              <lines />
            </method>
            <method name="VerifyExceptionWithStacktrace" signature="(System.Exception)" line-rate="1" branch-rate="1" complexity="NaN">
              <lines />
            </method>
            <method name="VerifyAll" signature="(System.String,System.Collections.Generic.IEnumerable`1&lt;T&gt;,System.String)" line-rate="1" branch-rate="1" complexity="NaN">
              <lines />
            </method>
            <method name="VerifyAll" signature="(System.Collections.Generic.IEnumerable`1&lt;T&gt;,System.String)" line-rate="1" branch-rate="1" complexity="NaN">
              <lines />
            </method>
            <method name="VerifyAll" signature="(System.Collections.Generic.IEnumerable`1&lt;T&gt;,System.String,System.Func`2&lt;T,System.String&gt;)" line-rate="1" branch-rate="1" complexity="NaN">
              <lines />
            </method>
            <method name="VerifyAll" signature="(System.String,System.Collections.Generic.IEnumerable`1&lt;T&gt;,System.Func`2&lt;T,System.String&gt;)" line-rate="1" branch-rate="1" complexity="NaN">
              <lines />
            </method>
            <method name="VerifyAll" signature="(System.Collections.Generic.IEnumerable`1&lt;T&gt;,System.Func`2&lt;T,System.String&gt;)" line-rate="1" branch-rate="1" complexity="NaN">
              <lines />
            </method>
            <method name="VerifyAll" signature="(System.Collections.Generic.IDictionary`2&lt;K,V&gt;)" line-rate="1" branch-rate="1" complexity="NaN">
              <lines />
            </method>
            <method name="VerifyAll" signature="(System.String,System.Collections.Generic.IDictionary`2&lt;K,V&gt;)" line-rate="1" branch-rate="1" complexity="NaN">
              <lines />
            </method>
            <method name="VerifyAll" signature="(System.String,System.Collections.Generic.IDictionary`2&lt;K,V&gt;,System.Func`3&lt;K,V,System.String&gt;)" line-rate="1" branch-rate="1" complexity="NaN">
              <lines />
            </method>
            <method name="VerifyAll" signature="(System.Collections.Generic.IDictionary`2&lt;K,V&gt;,System.Func`3&lt;K,V,System.String&gt;)" line-rate="1" branch-rate="1" complexity="NaN">
              <lines />
            </method>
            <method name="VerifyBinaryFile" signature="(System.Byte[],System.String)" line-rate="1" branch-rate="1" complexity="NaN">
              <lines />
            </method>
            <method name="VerifyHtml" signature="(System.String)" line-rate="1" branch-rate="1" complexity="NaN">
              <lines />
            </method>
            <method name="VerifyXml" signature="(System.String)" line-rate="1" branch-rate="1" complexity="NaN">
              <lines />
            </method>
            <method name="VerifyJson" signature="(System.String)" line-rate="1" branch-rate="1" complexity="NaN">
              <lines />
            </method>
            <method name="AssertEquals" signature="(System.String,System.String,ApprovalTests.Core.IApprovalFailureReporter)" line-rate="1" branch-rate="1" complexity="NaN">
              <lines />
            </method>
            <method name="AssertEquals" signature="(System.String,System.String)" line-rate="1" branch-rate="1" complexity="NaN">
              <lines />
            </method>
            <method name="AssertEquals" signature="(System.String,System.String)" line-rate="1" branch-rate="1" complexity="NaN">
              <lines />
            </method>
            <method name="VerifyPdfFile" signature="(System.String)" line-rate="1" branch-rate="1" complexity="NaN">
              <lines />
            </method>
            <method name="SetFrontLoadedReporter" signature="(ApprovalTests.Core.IEnvironmentAwareReporter)" line-rate="1" branch-rate="1" complexity="NaN">
              <lines />
            </method>
            <method name="AssertText" signature="(System.String[],System.String,ApprovalTests.Core.IApprovalFailureReporter)" line-rate="1" branch-rate="1" complexity="NaN">
              <lines />
            </method>
            <method name="AssertText" signature="(System.String,System.String,ApprovalTests.Core.IApprovalFailureReporter)" line-rate="1" branch-rate="1" complexity="NaN">
              <lines />
            </method>
            <method name=".cctor" signature="()" line-rate="1" branch-rate="1" complexity="1">
              <lines />
            </method>
          </methods>
          <lines />
        </class>
        <class name="ApprovalTests.ApprovalTextWriter" filename="C:\projects\approvaltests-net\src\ApprovalTests\Writers\ApprovalTextWriter.cs" line-rate="1" branch-rate="1" complexity="NaN">
          <methods>
            <method name="Data" signature="()" line-rate="1" branch-rate="1" complexity="NaN">
              <lines />
            </method>
            <method name="Data" signature="(System.String)" line-rate="1" branch-rate="1" complexity="NaN">
              <lines />
            </method>
            <method name="ExtensionWithDot" signature="()" line-rate="1" branch-rate="1" complexity="NaN">
              <lines />
            </method>
            <method name="ExtensionWithDot" signature="(System.String)" line-rate="1" branch-rate="1" complexity="NaN">
              <lines />
            </method>
            <method name=".ctor" signature="(System.String,System.String)" line-rate="1" branch-rate="1" complexity="NaN">
              <lines />
            </method>
            <method name="EnsureDot" signature="(System.String)" line-rate="1" branch-rate="1" complexity="NaN">
              <lines />
            </method>
            <method name="GetApprovalFilename" signature="(System.String)" line-rate="1" branch-rate="1" complexity="NaN">
              <lines />
            </method>
            <method name="GetReceivedFilename" signature="(System.String)" line-rate="1" branch-rate="1" complexity="NaN">
              <lines />
            </method>
            <method name="WriteReceivedFile" signature="(System.String)" line-rate="1" branch-rate="1" complexity="NaN">
              <lines />
            </method>
          </methods>
          <lines />
        </class>
        <class name="ApprovalTests.Approvers.FileApprover" filename="C:\projects\approvaltests-net\src\ApprovalTests\Approvers\FileApprover.cs" line-rate="1" branch-rate="1" complexity="2">
          <methods>
            <method name=".ctor" signature="(ApprovalTests.Core.IApprovalWriter,ApprovalTests.Core.IApprovalNamer,System.Boolean)" line-rate="1" branch-rate="1" complexity="NaN">
              <lines />
            </method>
            <method name="Approve" signature="()" line-rate="1" branch-rate="1" complexity="1">
              <lines />
            </method>
            <method name="Approve" signature="(System.String,System.String)" line-rate="1" branch-rate="1" complexity="NaN">
              <lines />
            </method>
            <method name="Fail" signature="()" line-rate="1" branch-rate="1" complexity="1">
              <lines />
            </method>
            <method name="ReportFailure" signature="(ApprovalTests.Core.IApprovalFailureReporter)" line-rate="1" branch-rate="1" complexity="NaN">
              <lines />
            </method>
            <method name="CleanUpAfterSuccess" signature="(ApprovalTests.Core.IApprovalFailureReporter)" line-rate="1" branch-rate="1" complexity="NaN">
              <lines />
            </method>
            <method name="Compare" signature="(System.Collections.Generic.ICollection`1&lt;System.Char&gt;,System.Collections.Generic.ICollection`1&lt;System.Char&gt;)" line-rate="1" branch-rate="1" complexity="NaN">
              <lines />
            </method>
            <method name="Compare" signature="(System.Collections.Generic.ICollection`1&lt;System.Byte&gt;,System.Collections.Generic.ICollection`1&lt;System.Byte&gt;)" line-rate="1" branch-rate="1" complexity="NaN">
              <lines />
            </method>
          </methods>
          <lines />
        </class>
        <class name="ApprovalTests.Combinations.CombinationApprovals" filename="C:\projects\approvaltests-net\src\ApprovalTests\Combinations\CombinationApprovals.cs" line-rate="1" branch-rate="1" complexity="1">
          <methods>
            <method name="VerifyAllCombinations" signature="(System.Func`2&lt;A,System.Object&gt;,System.Collections.Generic.IEnumerable`1&lt;A&gt;)" line-rate="1" branch-rate="1" complexity="NaN">
              <lines />
            </method>
            <method name="VerifyAllCombinations" signature="(System.Func`2&lt;A,System.Object&gt;,System.Func`2&lt;System.Object,System.String&gt;,System.Collections.Generic.IEnumerable`1&lt;A&gt;)" line-rate="1" branch-rate="1" complexity="NaN">
              <lines />
            </method>
            <method name="VerifyAllCombinations" signature="(System.Func`3&lt;A,B,System.Object&gt;,System.Collections.Generic.IEnumerable`1&lt;A&gt;,System.Collections.Generic.IEnumerable`1&lt;B&gt;)" line-rate="1" branch-rate="1" complexity="NaN">
              <lines />
            </method>
            <method name="VerifyAllCombinations" signature="(System.Func`3&lt;A,B,System.Object&gt;,System.Func`2&lt;System.Object,System.String&gt;,System.Collections.Generic.IEnumerable`1&lt;A&gt;,System.Collections.Generic.IEnumerable`1&lt;B&gt;)" line-rate="1" branch-rate="1" complexity="NaN">
              <lines />
            </method>
            <method name="VerifyAllCombinations" signature="(System.Func`4&lt;A,B,C,System.Object&gt;,System.Collections.Generic.IEnumerable`1&lt;A&gt;,System.Collections.Generic.IEnumerable`1&lt;B&gt;,System.Collections.Generic.IEnumerable`1&lt;C&gt;)" line-rate="1" branch-rate="1" complexity="NaN">
              <lines />
            </method>
            <method name="VerifyAllCombinations" signature="(System.Func`4&lt;A,B,C,System.Object&gt;,System.Func`2&lt;System.Object,System.String&gt;,System.Collections.Generic.IEnumerable`1&lt;A&gt;,System.Collections.Generic.IEnumerable`1&lt;B&gt;,System.Collections.Generic.IEnumerable`1&lt;C&gt;)" line-rate="1" branch-rate="1" complexity="NaN">
              <lines />
            </method>
            <method name="VerifyAllCombinations" signature="(System.Func`5&lt;A,B,C,D,System.Object&gt;,System.Collections.Generic.IEnumerable`1&lt;A&gt;,System.Collections.Generic.IEnumerable`1&lt;B&gt;,System.Collections.Generic.IEnumerable`1&lt;C&gt;,System.Collections.Generic.IEnumerable`1&lt;D&gt;)" line-rate="1" branch-rate="1" complexity="NaN">
              <lines />
            </method>
            <method name="VerifyAllCombinations" signature="(System.Func`5&lt;A,B,C,D,System.Object&gt;,System.Func`2&lt;System.Object,System.String&gt;,System.Collections.Generic.IEnumerable`1&lt;A&gt;,System.Collections.Generic.IEnumerable`1&lt;B&gt;,System.Collections.Generic.IEnumerable`1&lt;C&gt;,System.Collections.Generic.IEnumerable`1&lt;D&gt;)" line-rate="1" branch-rate="1" complexity="NaN">
              <lines />
            </method>
            <method name="VerifyAllCombinations" signature="(System.Func`6&lt;A,B,C,D,E,System.Object&gt;,System.Collections.Generic.IEnumerable`1&lt;A&gt;,System.Collections.Generic.IEnumerable`1&lt;B&gt;,System.Collections.Generic.IEnumerable`1&lt;C&gt;,System.Collections.Generic.IEnumerable`1&lt;D&gt;,System.Collections.Generic.IEnumerable`1&lt;E&gt;)" line-rate="1" branch-rate="1" complexity="NaN">
              <lines />
            </method>
            <method name="VerifyAllCombinations" signature="(System.Func`6&lt;A,B,C,D,E,System.Object&gt;,System.Func`2&lt;System.Object,System.String&gt;,System.Collections.Generic.IEnumerable`1&lt;A&gt;,System.Collections.Generic.IEnumerable`1&lt;B&gt;,System.Collections.Generic.IEnumerable`1&lt;C&gt;,System.Collections.Generic.IEnumerable`1&lt;D&gt;,System.Collections.Generic.IEnumerable`1&lt;E&gt;)" line-rate="1" branch-rate="1" complexity="NaN">
              <lines />
            </method>
            <method name="VerifyAllCombinations" signature="(System.Func`7&lt;A,B,C,D,E,F,System.Object&gt;,System.Collections.Generic.IEnumerable`1&lt;A&gt;,System.Collections.Generic.IEnumerable`1&lt;B&gt;,System.Collections.Generic.IEnumerable`1&lt;C&gt;,System.Collections.Generic.IEnumerable`1&lt;D&gt;,System.Collections.Generic.IEnumerable`1&lt;E&gt;,System.Collections.Generic.IEnumerable`1&lt;F&gt;)" line-rate="1" branch-rate="1" complexity="NaN">
              <lines />
            </method>
            <method name="VerifyAllCombinations" signature="(System.Func`7&lt;A,B,C,D,E,F,System.Object&gt;,System.Func`2&lt;System.Object,System.String&gt;,System.Collections.Generic.IEnumerable`1&lt;A&gt;,System.Collections.Generic.IEnumerable`1&lt;B&gt;,System.Collections.Generic.IEnumerable`1&lt;C&gt;,System.Collections.Generic.IEnumerable`1&lt;D&gt;,System.Collections.Generic.IEnumerable`1&lt;E&gt;,System.Collections.Generic.IEnumerable`1&lt;F&gt;)" line-rate="1" branch-rate="1" complexity="NaN">
              <lines />
            </method>
            <method name="VerifyAllCombinations" signature="(System.Func`8&lt;A,B,C,D,E,F,G,System.Object&gt;,System.Collections.Generic.IEnumerable`1&lt;A&gt;,System.Collections.Generic.IEnumerable`1&lt;B&gt;,System.Collections.Generic.IEnumerable`1&lt;C&gt;,System.Collections.Generic.IEnumerable`1&lt;D&gt;,System.Collections.Generic.IEnumerable`1&lt;E&gt;,System.Collections.Generic.IEnumerable`1&lt;F&gt;,System.Collections.Generic.IEnumerable`1&lt;G&gt;)" line-rate="1" branch-rate="1" complexity="NaN">
              <lines />
            </method>
            <method name="VerifyAllCombinations" signature="(System.Func`8&lt;A,B,C,D,E,F,G,System.Object&gt;,System.Func`2&lt;System.Object,System.String&gt;,System.Collections.Generic.IEnumerable`1&lt;A&gt;,System.Collections.Generic.IEnumerable`1&lt;B&gt;,System.Collections.Generic.IEnumerable`1&lt;C&gt;,System.Collections.Generic.IEnumerable`1&lt;D&gt;,System.Collections.Generic.IEnumerable`1&lt;E&gt;,System.Collections.Generic.IEnumerable`1&lt;F&gt;,System.Collections.Generic.IEnumerable`1&lt;G&gt;)" line-rate="1" branch-rate="1" complexity="NaN">
              <lines />
            </method>
            <method name="VerifyAllCombinations" signature="(System.Func`9&lt;A,B,C,D,E,F,G,H,System.Object&gt;,System.Collections.Generic.IEnumerable`1&lt;A&gt;,System.Collections.Generic.IEnumerable`1&lt;B&gt;,System.Collections.Generic.IEnumerable`1&lt;C&gt;,System.Collections.Generic.IEnumerable`1&lt;D&gt;,System.Collections.Generic.IEnumerable`1&lt;E&gt;,System.Collections.Generic.IEnumerable`1&lt;F&gt;,System.Collections.Generic.IEnumerable`1&lt;G&gt;,System.Collections.Generic.IEnumerable`1&lt;H&gt;)" line-rate="1" branch-rate="1" complexity="NaN">
              <lines />
            </method>
            <method name="VerifyAllCombinations" signature="(System.Func`9&lt;A,B,C,D,E,F,G,H,System.Object&gt;,System.Func`2&lt;System.Object,System.String&gt;,System.Collections.Generic.IEnumerable`1&lt;A&gt;,System.Collections.Generic.IEnumerable`1&lt;B&gt;,System.Collections.Generic.IEnumerable`1&lt;C&gt;,System.Collections.Generic.IEnumerable`1&lt;D&gt;,System.Collections.Generic.IEnumerable`1&lt;E&gt;,System.Collections.Generic.IEnumerable`1&lt;F&gt;,System.Collections.Generic.IEnumerable`1&lt;G&gt;,System.Collections.Generic.IEnumerable`1&lt;H&gt;)" line-rate="1" branch-rate="1" complexity="NaN">
              <lines />
            </method>
            <method name="VerifyAllCombinations" signature="(System.Func`10&lt;A,B,C,D,E,F,G,H,I,System.Object&gt;,System.Collections.Generic.IEnumerable`1&lt;A&gt;,System.Collections.Generic.IEnumerable`1&lt;B&gt;,System.Collections.Generic.IEnumerable`1&lt;C&gt;,System.Collections.Generic.IEnumerable`1&lt;D&gt;,System.Collections.Generic.IEnumerable`1&lt;E&gt;,System.Collections.Generic.IEnumerable`1&lt;F&gt;,System.Collections.Generic.IEnumerable`1&lt;G&gt;,System.Collections.Generic.IEnumerable`1&lt;H&gt;,System.Collections.Generic.IEnumerable`1&lt;I&gt;)" line-rate="1" branch-rate="1" complexity="NaN">
              <lines />
            </method>
            <method name="VerifyAllCombinations" signature="(System.Func`10&lt;A,B,C,D,E,F,G,H,I,System.Object&gt;,System.Func`2&lt;System.Object,System.String&gt;,System.Collections.Generic.IEnumerable`1&lt;A&gt;,System.Collections.Generic.IEnumerable`1&lt;B&gt;,System.Collections.Generic.IEnumerable`1&lt;C&gt;,System.Collections.Generic.IEnumerable`1&lt;D&gt;,System.Collections.Generic.IEnumerable`1&lt;E&gt;,System.Collections.Generic.IEnumerable`1&lt;F&gt;,System.Collections.Generic.IEnumerable`1&lt;G&gt;,System.Collections.Generic.IEnumerable`1&lt;H&gt;,System.Collections.Generic.IEnumerable`1&lt;I&gt;)" line-rate="1" branch-rate="1" complexity="NaN">
              <lines />
            </method>
            <method name="VerifyAllCombinations" signature="(System.Func`10&lt;A,B,C,D,E,F,G,H,I,System.Object&gt;,System.String,System.Collections.Generic.IEnumerable`1&lt;A&gt;,System.Collections.Generic.IEnumerable`1&lt;B&gt;,System.Collections.Generic.IEnumerable`1&lt;C&gt;,System.Collections.Generic.IEnumerable`1&lt;D&gt;,System.Collections.Generic.IEnumerable`1&lt;E&gt;,System.Collections.Generic.IEnumerable`1&lt;F&gt;,System.Collections.Generic.IEnumerable`1&lt;G&gt;,System.Collections.Generic.IEnumerable`1&lt;H&gt;,System.Collections.Generic.IEnumerable`1&lt;I&gt;)" line-rate="1" branch-rate="1" complexity="NaN">
              <lines />
            </method>
            <method name="VerifyAllCombinations" signature="(System.Func`10&lt;A,B,C,D,E,F,G,H,I,System.Object&gt;,System.String,System.Func`2&lt;System.Object,System.String&gt;,System.Collections.Generic.IEnumerable`1&lt;A&gt;,System.Collections.Generic.IEnumerable`1&lt;B&gt;,System.Collections.Generic.IEnumerable`1&lt;C&gt;,System.Collections.Generic.IEnumerable`1&lt;D&gt;,System.Collections.Generic.IEnumerable`1&lt;E&gt;,System.Collections.Generic.IEnumerable`1&lt;F&gt;,System.Collections.Generic.IEnumerable`1&lt;G&gt;,System.Collections.Generic.IEnumerable`1&lt;H&gt;,System.Collections.Generic.IEnumerable`1&lt;I&gt;)" line-rate="1" branch-rate="1" complexity="NaN">
              <lines />
            </method>
            <method name="GetApprovalString" signature="(System.Func`2&lt;A,System.Object&gt;,System.String,System.Func`2&lt;System.Object,System.String&gt;,System.Collections.Generic.IEnumerable`1&lt;A&gt;)" line-rate="1" branch-rate="1" complexity="NaN">
              <lines />
            </method>
            <method name="GetApprovalString" signature="(System.Func`2&lt;A,System.Object&gt;,System.Collections.Generic.IEnumerable`1&lt;A&gt;)" line-rate="1" branch-rate="1" complexity="NaN">
              <lines />
            </method>
            <method name="GetApprovalString" signature="(System.Func`3&lt;A,B,System.Object&gt;,System.String,System.Func`2&lt;System.Object,System.String&gt;,System.Collections.Generic.IEnumerable`1&lt;A&gt;,System.Collections.Generic.IEnumerable`1&lt;B&gt;)" line-rate="1" branch-rate="1" complexity="NaN">
              <lines />
            </method>
            <method name="GetApprovalString" signature="(System.Func`3&lt;A,B,System.Object&gt;,System.Collections.Generic.IEnumerable`1&lt;A&gt;,System.Collections.Generic.IEnumerable`1&lt;B&gt;)" line-rate="1" branch-rate="1" complexity="NaN">
              <lines />
            </method>
            <method name="GetApprovalString" signature="(System.Func`4&lt;A,B,C,System.Object&gt;,System.String,System.Func`2&lt;System.Object,System.String&gt;,System.Collections.Generic.IEnumerable`1&lt;A&gt;,System.Collections.Generic.IEnumerable`1&lt;B&gt;,System.Collections.Generic.IEnumerable`1&lt;C&gt;)" line-rate="1" branch-rate="1" complexity="NaN">
              <lines />
            </method>
            <method name="GetApprovalString" signature="(System.Func`4&lt;A,B,C,System.Object&gt;,System.Collections.Generic.IEnumerable`1&lt;A&gt;,System.Collections.Generic.IEnumerable`1&lt;B&gt;,System.Collections.Generic.IEnumerable`1&lt;C&gt;)" line-rate="1" branch-rate="1" complexity="NaN">
              <lines />
            </method>
            <method name="GetApprovalString" signature="(System.Func`5&lt;A,B,C,D,System.Object&gt;,System.String,System.Func`2&lt;System.Object,System.String&gt;,System.Collections.Generic.IEnumerable`1&lt;A&gt;,System.Collections.Generic.IEnumerable`1&lt;B&gt;,System.Collections.Generic.IEnumerable`1&lt;C&gt;,System.Collections.Generic.IEnumerable`1&lt;D&gt;)" line-rate="1" branch-rate="1" complexity="NaN">
              <lines />
            </method>
            <method name="GetApprovalString" signature="(System.Func`5&lt;A,B,C,D,System.Object&gt;,System.Collections.Generic.IEnumerable`1&lt;A&gt;,System.Collections.Generic.IEnumerable`1&lt;B&gt;,System.Collections.Generic.IEnumerable`1&lt;C&gt;,System.Collections.Generic.IEnumerable`1&lt;D&gt;)" line-rate="1" branch-rate="1" complexity="NaN">
              <lines />
            </method>
            <method name="GetApprovalString" signature="(System.Func`6&lt;A,B,C,D,E,System.Object&gt;,System.String,System.Func`2&lt;System.Object,System.String&gt;,System.Collections.Generic.IEnumerable`1&lt;A&gt;,System.Collections.Generic.IEnumerable`1&lt;B&gt;,System.Collections.Generic.IEnumerable`1&lt;C&gt;,System.Collections.Generic.IEnumerable`1&lt;D&gt;,System.Collections.Generic.IEnumerable`1&lt;E&gt;)" line-rate="1" branch-rate="1" complexity="NaN">
              <lines />
            </method>
            <method name="GetApprovalString" signature="(System.Func`6&lt;A,B,C,D,E,System.Object&gt;,System.Collections.Generic.IEnumerable`1&lt;A&gt;,System.Collections.Generic.IEnumerable`1&lt;B&gt;,System.Collections.Generic.IEnumerable`1&lt;C&gt;,System.Collections.Generic.IEnumerable`1&lt;D&gt;,System.Collections.Generic.IEnumerable`1&lt;E&gt;)" line-rate="1" branch-rate="1" complexity="NaN">
              <lines />
            </method>
            <method name="GetApprovalString" signature="(System.Func`7&lt;A,B,C,D,E,F,System.Object&gt;,System.String,System.Func`2&lt;System.Object,System.String&gt;,System.Collections.Generic.IEnumerable`1&lt;A&gt;,System.Collections.Generic.IEnumerable`1&lt;B&gt;,System.Collections.Generic.IEnumerable`1&lt;C&gt;,System.Collections.Generic.IEnumerable`1&lt;D&gt;,System.Collections.Generic.IEnumerable`1&lt;E&gt;,System.Collections.Generic.IEnumerable`1&lt;F&gt;)" line-rate="1" branch-rate="1" complexity="NaN">
              <lines />
            </method>
            <method name="GetApprovalString" signature="(System.Func`7&lt;A,B,C,D,E,F,System.Object&gt;,System.Collections.Generic.IEnumerable`1&lt;A&gt;,System.Collections.Generic.IEnumerable`1&lt;B&gt;,System.Collections.Generic.IEnumerable`1&lt;C&gt;,System.Collections.Generic.IEnumerable`1&lt;D&gt;,System.Collections.Generic.IEnumerable`1&lt;E&gt;,System.Collections.Generic.IEnumerable`1&lt;F&gt;)" line-rate="1" branch-rate="1" complexity="NaN">
              <lines />
            </method>
            <method name="GetApprovalString" signature="(System.Func`8&lt;A,B,C,D,E,F,G,System.Object&gt;,System.String,System.Func`2&lt;System.Object,System.String&gt;,System.Collections.Generic.IEnumerable`1&lt;A&gt;,System.Collections.Generic.IEnumerable`1&lt;B&gt;,System.Collections.Generic.IEnumerable`1&lt;C&gt;,System.Collections.Generic.IEnumerable`1&lt;D&gt;,System.Collections.Generic.IEnumerable`1&lt;E&gt;,System.Collections.Generic.IEnumerable`1&lt;F&gt;,System.Collections.Generic.IEnumerable`1&lt;G&gt;)" line-rate="1" branch-rate="1" complexity="NaN">
              <lines />
            </method>
            <method name="GetApprovalString" signature="(System.Func`8&lt;A,B,C,D,E,F,G,System.Object&gt;,System.Collections.Generic.IEnumerable`1&lt;A&gt;,System.Collections.Generic.IEnumerable`1&lt;B&gt;,System.Collections.Generic.IEnumerable`1&lt;C&gt;,System.Collections.Generic.IEnumerable`1&lt;D&gt;,System.Collections.Generic.IEnumerable`1&lt;E&gt;,System.Collections.Generic.IEnumerable`1&lt;F&gt;,System.Collections.Generic.IEnumerable`1&lt;G&gt;)" line-rate="1" branch-rate="1" complexity="NaN">
              <lines />
            </method>
            <method name="GetApprovalString" signature="(System.Func`9&lt;A,B,C,D,E,F,G,H,System.Object&gt;,System.String,System.Func`2&lt;System.Object,System.String&gt;,System.Collections.Generic.IEnumerable`1&lt;A&gt;,System.Collections.Generic.IEnumerable`1&lt;B&gt;,System.Collections.Generic.IEnumerable`1&lt;C&gt;,System.Collections.Generic.IEnumerable`1&lt;D&gt;,System.Collections.Generic.IEnumerable`1&lt;E&gt;,System.Collections.Generic.IEnumerable`1&lt;F&gt;,System.Collections.Generic.IEnumerable`1&lt;G&gt;,System.Collections.Generic.IEnumerable`1&lt;H&gt;)" line-rate="1" branch-rate="1" complexity="NaN">
              <lines />
            </method>
            <method name="GetApprovalString" signature="(System.Func`9&lt;A,B,C,D,E,F,G,H,System.Object&gt;,System.Collections.Generic.IEnumerable`1&lt;A&gt;,System.Collections.Generic.IEnumerable`1&lt;B&gt;,System.Collections.Generic.IEnumerable`1&lt;C&gt;,System.Collections.Generic.IEnumerable`1&lt;D&gt;,System.Collections.Generic.IEnumerable`1&lt;E&gt;,System.Collections.Generic.IEnumerable`1&lt;F&gt;,System.Collections.Generic.IEnumerable`1&lt;G&gt;,System.Collections.Generic.IEnumerable`1&lt;H&gt;)" line-rate="1" branch-rate="1" complexity="NaN">
              <lines />
            </method>
            <method name="GetApprovalString" signature="(System.Func`10&lt;A,B,C,D,E,F,G,H,I,System.Object&gt;,System.Collections.Generic.IEnumerable`1&lt;A&gt;,System.Collections.Generic.IEnumerable`1&lt;B&gt;,System.Collections.Generic.IEnumerable`1&lt;C&gt;,System.Collections.Generic.IEnumerable`1&lt;D&gt;,System.Collections.Generic.IEnumerable`1&lt;E&gt;,System.Collections.Generic.IEnumerable`1&lt;F&gt;,System.Collections.Generic.IEnumerable`1&lt;G&gt;,System.Collections.Generic.IEnumerable`1&lt;H&gt;,System.Collections.Generic.IEnumerable`1&lt;I&gt;)" line-rate="1" branch-rate="1" complexity="NaN">
              <lines />
            </method>
            <method name="GetApprovalString" signature="(System.Func`10&lt;A,B,C,D,E,F,G,H,I,System.Object&gt;,System.String,System.Func`2&lt;System.Object,System.String&gt;,System.Collections.Generic.IEnumerable`1&lt;A&gt;,System.Collections.Generic.IEnumerable`1&lt;B&gt;,System.Collections.Generic.IEnumerable`1&lt;C&gt;,System.Collections.Generic.IEnumerable`1&lt;D&gt;,System.Collections.Generic.IEnumerable`1&lt;E&gt;,System.Collections.Generic.IEnumerable`1&lt;F&gt;,System.Collections.Generic.IEnumerable`1&lt;G&gt;,System.Collections.Generic.IEnumerable`1&lt;H&gt;,System.Collections.Generic.IEnumerable`1&lt;I&gt;)" line-rate="1" branch-rate="1" complexity="NaN">
              <lines />
            </method>
            <method name="AllCombinations" signature="(System.Action`9&lt;A,B,C,D,E,F,G,H,I&gt;,System.Collections.Generic.IEnumerable`1&lt;A&gt;,System.Collections.Generic.IEnumerable`1&lt;B&gt;,System.Collections.Generic.IEnumerable`1&lt;C&gt;,System.Collections.Generic.IEnumerable`1&lt;D&gt;,System.Collections.Generic.IEnumerable`1&lt;E&gt;,System.Collections.Generic.IEnumerable`1&lt;F&gt;,System.Collections.Generic.IEnumerable`1&lt;G&gt;,System.Collections.Generic.IEnumerable`1&lt;H&gt;,System.Collections.Generic.IEnumerable`1&lt;I&gt;)" line-rate="1" branch-rate="1" complexity="NaN">
              <lines />
            </method>
            <method name=".cctor" signature="()" line-rate="1" branch-rate="1" complexity="1">
              <lines />
            </method>
          </methods>
          <lines />
        </class>
        <class name="ApprovalTests.Core.Approver" filename="C:\projects\approvaltests-net\src\ApprovalTests\Core\Approver.cs" line-rate="1" branch-rate="1" complexity="NaN">
          <methods>
            <method name="Verify" signature="(ApprovalTests.Core.IApprovalApprover,ApprovalTests.Core.IApprovalFailureReporter)" line-rate="1" branch-rate="1" complexity="NaN">
              <lines />
            </method>
          </methods>
          <lines />
        </class>
        <class name="ApprovalTests.Core.Exceptions.ApprovalException" filename="C:\projects\approvaltests-net\src\ApprovalTests\Core\Exceptions\ApprovalException.cs" line-rate="1" branch-rate="1" complexity="5">
          <methods>
            <method name="Received" signature="()" line-rate="1" branch-rate="1" complexity="NaN">
              <lines />
            </method>
            <method name="Approved" signature="()" line-rate="1" branch-rate="1" complexity="NaN">
              <lines />
            </method>
            <method name=".ctor" signature="(System.Runtime.Serialization.SerializationInfo,System.Runtime.Serialization.StreamingContext)" line-rate="1" branch-rate="1" complexity="NaN">
              <lines />
            </method>
            <method name=".ctor" signature="(System.String,System.String)" line-rate="1" branch-rate="1" complexity="NaN">
              <lines />
            </method>
            <method name="Equals" signature="(ApprovalTests.Core.Exceptions.ApprovalException)" line-rate="1" branch-rate="1" complexity="NaN">
              <lines />
            </method>
            <method name="Equals" signature="(System.Object)" line-rate="1" branch-rate="1" complexity="NaN">
              <lines />
            </method>
            <method name="GetHashCode" signature="()" line-rate="1" branch-rate="1" complexity="5">
              <lines />
            </method>
            <method name="op_Equality" signature="(ApprovalTests.Core.Exceptions.ApprovalException,ApprovalTests.Core.Exceptions.ApprovalException)" line-rate="1" branch-rate="1" complexity="NaN">
              <lines />
            </method>
            <method name="op_Inequality" signature="(ApprovalTests.Core.Exceptions.ApprovalException,ApprovalTests.Core.Exceptions.ApprovalException)" line-rate="1" branch-rate="1" complexity="NaN">
              <lines />
            </method>
            <method name="GetObjectData" signature="(System.Runtime.Serialization.SerializationInfo,System.Runtime.Serialization.StreamingContext)" line-rate="1" branch-rate="1" complexity="NaN">
              <lines />
            </method>
          </methods>
          <lines />
        </class>
        <class name="ApprovalTests.Core.Exceptions.ApprovalMismatchException" filename="C:\projects\approvaltests-net\src\ApprovalTests\Core\Exceptions\ApprovalMismatchException.cs" line-rate="1" branch-rate="1" complexity="NaN">
          <methods>
            <method name="Message" signature="()" line-rate="1" branch-rate="1" complexity="NaN">
              <lines />
            </method>
            <method name=".ctor" signature="(System.Runtime.Serialization.SerializationInfo,System.Runtime.Serialization.StreamingContext)" line-rate="1" branch-rate="1" complexity="NaN">
              <lines />
            </method>
            <method name=".ctor" signature="(System.String,System.String)" line-rate="1" branch-rate="1" complexity="NaN">
              <lines />
            </method>
          </methods>
          <lines />
        </class>
        <class name="ApprovalTests.Core.Exceptions.ApprovalMissingException" filename="C:\projects\approvaltests-net\src\ApprovalTests\Core\Exceptions\ApprovalMissingException.cs" line-rate="1" branch-rate="1" complexity="NaN">
          <methods>
            <method name="Message" signature="()" line-rate="1" branch-rate="1" complexity="NaN">
              <lines />
            </method>
            <method name=".ctor" signature="(System.Runtime.Serialization.SerializationInfo,System.Runtime.Serialization.StreamingContext)" line-rate="1" branch-rate="1" complexity="NaN">
              <lines />
            </method>
            <method name=".ctor" signature="(System.String,System.String)" line-rate="1" branch-rate="1" complexity="NaN">
              <lines />
            </method>
          </methods>
          <lines />
        </class>
        <class name="ApprovalTests.Email.EmailApprovals" filename="C:\projects\approvaltests-net\src\ApprovalTests\Email\EmailApprovals.cs" line-rate="1" branch-rate="1" complexity="NaN">
          <methods>
            <method name="Verify" signature="(System.Net.Mail.MailMessage)" line-rate="1" branch-rate="1" complexity="NaN">
              <lines />
            </method>
            <method name="VerifyScrubbed" signature="(System.Net.Mail.MailMessage,System.Func`2&lt;System.String,System.String&gt;)" line-rate="1" branch-rate="1" complexity="NaN">
              <lines />
            </method>
            <method name="VerifyScrubbed" signature="(System.Net.Mail.MailMessage,System.Func`2&lt;System.String,System.String&gt;[])" line-rate="1" branch-rate="1" complexity="NaN">
              <lines />
            </method>
            <method name="CreateEmail" signature="(System.Net.Mail.MailMessage)" line-rate="1" branch-rate="1" complexity="NaN">
              <lines />
            </method>
            <method name="ScrubBoundaries" signature="(System.String)" line-rate="1" branch-rate="1" complexity="NaN">
              <lines />
            </method>
            <method name="ScrubBoundaries" signature="(System.String,System.String[])" line-rate="1" branch-rate="1" complexity="NaN">
              <lines />
            </method>
            <method name="FindBoundaries" signature="(System.String)" line-rate="1" branch-rate="1" complexity="NaN">
              <lines />
            </method>
            <method name="ReadFileWhereLines" signature="(System.String,System.Func`2&lt;System.String,System.Boolean&gt;)" line-rate="1" branch-rate="1" complexity="NaN">
              <lines />
            </method>
            <method name="GetLatestFile" signature="(System.String)" line-rate="1" branch-rate="1" complexity="NaN">
              <lines />
            </method>
          </methods>
          <lines />
        </class>
        <class name="ApprovalTests.Events.EventApprovals" filename="C:\projects\approvaltests-net\src\ApprovalTests\Events\EventApprovals.cs" line-rate="1" branch-rate="1" complexity="NaN">
          <methods>
            <method name="VerifyEvents" signature="(System.Object)" line-rate="1" branch-rate="1" complexity="NaN">
              <lines />
            </method>
            <method name="GetEventsInformationFor" signature="(System.Object)" line-rate="1" branch-rate="1" complexity="NaN">
              <lines />
            </method>
            <method name="WriteEventsToString" signature="(System.Object,System.String)" line-rate="1" branch-rate="1" complexity="NaN">
              <lines />
            </method>
          </methods>
          <lines />
        </class>
        <class name="ApprovalTests.ExceptionalExceptions.Exceptional" filename="C:\projects\approvaltests-net\src\ApprovalTests\ExceptionalExceptions\Exceptional.cs" line-rate="1" branch-rate="1" complexity="2">
          <methods>
            <method name="Create" signature="(System.String,System.Object[])" line-rate="1" branch-rate="1" complexity="NaN">
              <lines />
            </method>
            <method name="Create" signature="(System.Exception,System.String,System.Object[])" line-rate="1" branch-rate="1" complexity="NaN">
              <lines />
            </method>
            <method name="Create" signature="(System.Func`3&lt;System.String,System.Exception,T&gt;,System.Exception,System.String,System.Object[])" line-rate="1" branch-rate="1" complexity="NaN">
              <lines />
            </method>
            <method name="GetTlDr" signature="(ApprovalTests.ExceptionalExceptions.ExceptionalId)" line-rate="1" branch-rate="1" complexity="NaN">
              <lines />
            </method>
            <method name="GenerateUniqueId" signature="()" line-rate="1" branch-rate="1" complexity="2">
              <lines />
            </method>
          </methods>
          <lines />
        </class>
        <class name="ApprovalTests.ExceptionalExceptions.ExceptionalId" filename="C:\projects\approvaltests-net\src\ApprovalTests\ExceptionalExceptions\ExceptionalId.cs" line-rate="1" branch-rate="1" complexity="1">
          <methods>
            <method name="Assembly" signature="()" line-rate="1" branch-rate="1" complexity="NaN">
              <lines />
            </method>
            <method name="Assembly" signature="(System.String)" line-rate="1" branch-rate="1" complexity="NaN">
              <lines />
            </method>
            <method name="Class" signature="()" line-rate="1" branch-rate="1" complexity="NaN">
              <lines />
            </method>
            <method name="Class" signature="(System.String)" line-rate="1" branch-rate="1" complexity="NaN">
              <lines />
            </method>
            <method name="Method" signature="()" line-rate="1" branch-rate="1" complexity="NaN">
              <lines />
            </method>
            <method name="Method" signature="(System.String)" line-rate="1" branch-rate="1" complexity="NaN">
              <lines />
            </method>
            <method name="Exception" signature="()" line-rate="1" branch-rate="1" complexity="NaN">
              <lines />
            </method>
            <method name="Exception" signature="(System.String)" line-rate="1" branch-rate="1" complexity="NaN">
              <lines />
            </method>
            <method name="ToString" signature="()" line-rate="1" branch-rate="1" complexity="1">
              <lines />
            </method>
          </methods>
          <lines />
        </class>
        <class name="ApprovalTests.ExceptionalExceptions.ExceptionalTlDr" filename="C:\projects\approvaltests-net\src\ApprovalTests\ExceptionalExceptions\ExceptionalTlDr.cs" line-rate="1" branch-rate="1" complexity="3">
          <methods>
            <method name=".ctor" signature="(ApprovalTests.ExceptionalExceptions.ExceptionalId)" line-rate="1" branch-rate="1" complexity="NaN">
              <lines />
            </method>
            <method name="GetQuery" signature="()" line-rate="1" branch-rate="1" complexity="1">
              <lines />
            </method>
            <method name="GetBaseAddress" signature="()" line-rate="1" branch-rate="1" complexity="1">
              <lines />
            </method>
            <method name="Load" signature="()" line-rate="1" branch-rate="1" complexity="1">
              <lines />
            </method>
          </methods>
          <lines />
        </class>
        <class name="ApprovalTests.ExecutableLambda" filename="C:\projects\approvaltests-net\src\ApprovalTests\ExecutableLambda.cs" line-rate="1" branch-rate="1" complexity="1">
          <methods>
            <method name=".ctor" signature="(System.String,System.Action`1&lt;System.String&gt;)" line-rate="1" branch-rate="1" complexity="NaN">
              <lines />
            </method>
            <method name=".ctor" signature="(System.String,System.Func`2&lt;System.String,System.String&gt;)" line-rate="1" branch-rate="1" complexity="NaN">
              <lines />
            </method>
            <method name="GetQuery" signature="()" line-rate="1" branch-rate="1" complexity="1">
              <lines />
            </method>
            <method name="ExecuteQuery" signature="(System.String)" line-rate="1" branch-rate="1" complexity="NaN">
              <lines />
            </method>
          </methods>
          <lines />
        </class>
        <class name="ApprovalTests.Html.HtmlApprovals" filename="C:\projects\approvaltests-net\src\ApprovalTests\Html\HtmlApprovals.cs" line-rate="1" branch-rate="1" complexity="NaN">
          <methods>
            <method name="VerifyHtml" signature="(System.String,System.Func`2&lt;System.String,System.String&gt;)" line-rate="1" branch-rate="1" complexity="NaN">
              <lines />
            </method>
            <method name="VerifyHtmlStrict" signature="(System.String)" line-rate="1" branch-rate="1" complexity="NaN">
              <lines />
            </method>
          </methods>
          <lines />
        </class>
        <class name="ApprovalTests.Maintenance.ApprovalMaintenance" filename="C:\projects\approvaltests-net\src\ApprovalTests\Maintenance\ApprovalMaintenance.cs" line-rate="1" branch-rate="1" complexity="2">
          <methods>
            <method name="CleanUpAbandonedFiles" signature="()" line-rate="1" branch-rate="1" complexity="2">
              <lines />
            </method>
            <method name="FindAbandonedFiles" signature="(System.String)" line-rate="1" branch-rate="1" complexity="NaN">
              <lines />
            </method>
            <method name="FindAbandonedFiles" signature="(System.String,System.Reflection.Assembly)" line-rate="1" branch-rate="1" complexity="NaN">
              <lines />
            </method>
            <method name="IsAbandoned" signature="(System.IO.FileInfo,System.Reflection.Assembly)" line-rate="1" branch-rate="1" complexity="NaN">
              <lines />
            </method>
            <method name="VerifyNoAbandonedFiles" signature="(System.String[])" line-rate="1" branch-rate="1" complexity="NaN">
              <lines />
            </method>
          </methods>
          <lines />
        </class>
        <class name="ApprovalTests.Namers.ApprovalResults" filename="C:\projects\approvaltests-net\src\ApprovalTests\Namers\ApprovalResults.cs" line-rate="1" branch-rate="1" complexity="11">
          <methods>
            <method name="UniqueForDotNetVersion" signature="()" line-rate="1" branch-rate="1" complexity="1">
              <lines />
            </method>
            <method name="GetDotNetVersion" signature="()" line-rate="1" branch-rate="1" complexity="3">
              <lines />
            </method>
            <method name="GetDotNetRuntime" signature="(System.Boolean,System.String)" line-rate="1" branch-rate="1" complexity="NaN">
              <lines />
            </method>
            <method name="UniqueForMachineName" signature="()" line-rate="1" branch-rate="1" complexity="1">
              <lines />
            </method>
            <method name="GetMachineName" signature="()" line-rate="1" branch-rate="1" complexity="1">
              <lines />
            </method>
            <method name="GetOsName" signature="()" line-rate="1" branch-rate="1" complexity="1">
              <lines />
            </method>
            <method name="GetFullOsName" signature="()" line-rate="1" branch-rate="1" complexity="1">
              <lines />
            </method>
            <method name="TransformEasyOsName" signature="(System.String)" line-rate="1" branch-rate="1" complexity="NaN">
              <lines />
            </method>
            <method name="UniqueForOs" signature="()" line-rate="1" branch-rate="1" complexity="1">
              <lines />
            </method>
            <method name="GetUserName" signature="()" line-rate="1" branch-rate="1" complexity="1">
              <lines />
            </method>
            <method name="UniqueForUserName" signature="()" line-rate="1" branch-rate="1" complexity="1">
              <lines />
            </method>
            <method name="ForScenario" signature="(System.String)" line-rate="1" branch-rate="1" complexity="NaN">
              <lines />
            </method>
            <method name="ForScenario" signature="(System.Object[])" line-rate="1" branch-rate="1" complexity="NaN">
              <lines />
            </method>
            <method name="Scrub" signature="(System.String)" line-rate="1" branch-rate="1" complexity="NaN">
              <lines />
            </method>
          </methods>
          <lines />
        </class>
        <class name="ApprovalTests.Namers.ApprovalsFilename" filename="C:\projects\approvaltests-net\src\ApprovalTests\Namers\ApprovalsFilename.cs" line-rate="1" branch-rate="1" complexity="8">
          <methods>
            <method name="Extension" signature="()" line-rate="1" branch-rate="1" complexity="NaN">
              <lines />
            </method>
            <method name="Extension" signature="(System.String)" line-rate="1" branch-rate="1" complexity="NaN">
              <lines />
            </method>
            <method name="ApprovedStatus" signature="()" line-rate="1" branch-rate="1" complexity="NaN">
              <lines />
            </method>
            <method name="ApprovedStatus" signature="(System.String)" line-rate="1" branch-rate="1" complexity="NaN">
              <lines />
            </method>
            <method name="MethodName" signature="()" line-rate="1" branch-rate="1" complexity="NaN">
              <lines />
            </method>
            <method name="MethodName" signature="(System.String)" line-rate="1" branch-rate="1" complexity="NaN">
              <lines />
            </method>
            <method name="ClassName" signature="()" line-rate="1" branch-rate="1" complexity="NaN">
              <lines />
            </method>
            <method name="ClassName" signature="(System.String)" line-rate="1" branch-rate="1" complexity="NaN">
              <lines />
            </method>
            <method name="Directory" signature="()" line-rate="1" branch-rate="1" complexity="NaN">
              <lines />
            </method>
            <method name="Directory" signature="(System.String)" line-rate="1" branch-rate="1" complexity="NaN">
              <lines />
            </method>
            <method name="IsMachineSpecific" signature="()" line-rate="1" branch-rate="1" complexity="NaN">
              <lines />
            </method>
            <method name="GetFullPath" signature="()" line-rate="1" branch-rate="1" complexity="NaN">
              <lines />
            </method>
            <method name="Parse" signature="(System.String)" line-rate="1" branch-rate="1" complexity="NaN">
              <lines />
            </method>
            <method name="ForApproved" signature="()" line-rate="1" branch-rate="1" complexity="2">
              <lines />
            </method>
            <method name="IsEmptyFile" signature="()" line-rate="1" branch-rate="1" complexity="2">
              <lines />
            </method>
            <method name="GetOtherMachineSpecificFiles" signature="()" line-rate="1" branch-rate="1" complexity="2">
              <lines />
            </method>
            <method name="ToString" signature="()" line-rate="1" branch-rate="1" complexity="1">
              <lines />
            </method>
            <method name=".ctor" signature="()" line-rate="1" branch-rate="1" complexity="1">
              <lines />
            </method>
          </methods>
          <lines />
        </class>
        <class name="ApprovalTests.Namers.AssemblyLocationNamer" filename="C:\projects\approvaltests-net\src\ApprovalTests\Namers\AssemblyLocationNamer.cs" line-rate="1" branch-rate="1" complexity="NaN">
          <methods>
            <method name="AssemblyDirectory" signature="()" line-rate="1" branch-rate="1" complexity="NaN">
              <lines />
            </method>
            <method name="SourcePath" signature="()" line-rate="1" branch-rate="1" complexity="NaN">
              <lines />
            </method>
          </methods>
          <lines />
        </class>
        <class name="ApprovalTests.Namers.EnvironmentSpecificCleanUp" filename="C:\projects\approvaltests-net\src\ApprovalTests\Namers\EnvironmentSpecificCleanUp.cs" line-rate="1" branch-rate="1" complexity="1">
          <methods>
            <method name="Dispose" signature="()" line-rate="1" branch-rate="1" complexity="1">
              <lines />
            </method>
          </methods>
          <lines />
        </class>
        <class name="ApprovalTests.Namers.NamerFactory" filename="C:\projects\approvaltests-net\src\ApprovalTests\Namers\NamerFactory.cs" line-rate="1" branch-rate="1" complexity="2">
          <methods>
            <method name="AdditionalInformation" signature="()" line-rate="1" branch-rate="1" complexity="NaN">
              <lines />
            </method>
            <method name="AdditionalInformation" signature="(System.String)" line-rate="1" branch-rate="1" complexity="NaN">
              <lines />
            </method>
            <method name="AsEnvironmentSpecificTest" signature="(System.String)" line-rate="1" branch-rate="1" complexity="NaN">
              <lines />
            </method>
            <method name="Clear" signature="()" line-rate="1" branch-rate="1" complexity="1">
              <lines />
            </method>
            <method name=".cctor" signature="()" line-rate="1" branch-rate="1" complexity="1">
              <lines />
            </method>
          </methods>
          <lines />
        </class>
        <class name="ApprovalTests.Namers.StackTraceParsers.AttributeStackTraceParser" filename="C:\projects\approvaltests-net\src\ApprovalTests\Namers\StackTraceParsers\AttributeStackTraceParser.cs" line-rate="1" branch-rate="1" complexity="4">
          <methods>
            <method name="TypeName" signature="()" line-rate="1" branch-rate="1" complexity="NaN">
              <lines />
            </method>
            <method name="AdditionalInfo" signature="()" line-rate="1" branch-rate="1" complexity="NaN">
              <lines />
            </method>
            <method name="ApprovalName" signature="()" line-rate="1" branch-rate="1" complexity="NaN">
              <lines />
            </method>
            <method name="SourcePath" signature="()" line-rate="1" branch-rate="1" complexity="NaN">
              <lines />
            </method>
            <method name="GetMethodName" signature="()" line-rate="1" branch-rate="1" complexity="1">
              <lines />
            </method>
            <method name="IsNamespaceApprovals" signature="(System.String)" line-rate="1" branch-rate="1" complexity="NaN">
              <lines />
            </method>
            <method name="GetFileNameForStack" signature="(ApprovalUtilities.CallStack.Caller)" line-rate="1" branch-rate="1" complexity="NaN">
              <lines />
            </method>
            <method name="Parse" signature="(System.Diagnostics.StackTrace)" line-rate="1" branch-rate="1" complexity="NaN">
              <lines />
            </method>
            <method name="GetFirstFrameForAttribute" signature="(ApprovalUtilities.CallStack.Caller,System.String)" line-rate="1" branch-rate="1" complexity="NaN">
              <lines />
            </method>
            <method name="ContainsAttribute" signature="(System.Object[],System.String)" line-rate="1" branch-rate="1" complexity="NaN">
              <lines />
            </method>
            <method name="FindApprovalFrame" signature="()" line-rate="1" branch-rate="1" complexity="1">
              <lines />
            </method>
            <method name="IsApplicable" signature="()" line-rate="1" branch-rate="1" complexity="1">
              <lines />
            </method>
            <method name="GetRecursiveTypeName" signature="(System.Type)" line-rate="1" branch-rate="1" complexity="NaN">
              <lines />
            </method>
            <method name=".cctor" signature="()" line-rate="1" branch-rate="1" complexity="1">
              <lines />
            </method>
          </methods>
          <lines />
        </class>
        <class name="ApprovalTests.Namers.StackTraceParsers.StackTraceParser" filename="C:\projects\approvaltests-net\src\ApprovalTests\Namers\StackTraceParsers\StackTraceParser.cs" line-rate="1" branch-rate="1" complexity="3">
          <methods>
            <method name="ForTestingFramework" signature="()" line-rate="1" branch-rate="1" complexity="NaN">
              <lines />
            </method>
            <method name="ApprovalName" signature="()" line-rate="1" branch-rate="1" complexity="NaN">
              <lines />
            </method>
            <method name="SourcePath" signature="()" line-rate="1" branch-rate="1" complexity="NaN">
              <lines />
            </method>
            <method name="Parse" signature="(System.Diagnostics.StackTrace)" line-rate="1" branch-rate="1" complexity="NaN">
              <lines />
            </method>
            <method name="LoadIfApplicable" signature="(System.Collections.Generic.IList`1&lt;ApprovalTests.Namers.StackTraceParsers.IStackTraceParser&gt;,ApprovalTests.Namers.StackTraceParsers.AttributeStackTraceParser)" line-rate="1" branch-rate="1" complexity="NaN">
              <lines />
            </method>
            <method name="AddParser" signature="(ApprovalTests.Namers.StackTraceParsers.IStackTraceParser)" line-rate="1" branch-rate="1" complexity="NaN">
              <lines />
            </method>
            <method name="GetParsers" signature="()" line-rate="1" branch-rate="1" complexity="2">
              <lines />
            </method>
            <method name=".cctor" signature="()" line-rate="1" branch-rate="1" complexity="1">
              <lines />
            </method>
          </methods>
          <lines />
        </class>
        <class name="ApprovalTests.Namers.UnitTestFrameworkNamer" filename="C:\projects\approvaltests-net\src\ApprovalTests\Namers\UnitTestFrameworkNamer.cs" line-rate="1" branch-rate="1" complexity="3">
          <methods>
            <method name="Subdirectory" signature="()" line-rate="1" branch-rate="1" complexity="NaN">
              <lines />
            </method>
            <method name="Name" signature="()" line-rate="1" branch-rate="1" complexity="NaN">
              <lines />
            </method>
            <method name="SourcePath" signature="()" line-rate="1" branch-rate="1" complexity="NaN">
              <lines />
            </method>
            <method name=".ctor" signature="()" line-rate="1" branch-rate="1" complexity="1">
              <lines />
            </method>
            <method name="GetSubdirectoryFromAttribute" signature="()" line-rate="1" branch-rate="1" complexity="2">
              <lines />
            </method>
          </methods>
          <lines />
        </class>
        <class name="ApprovalTests.Namers.UnitTestFrameworks.XUnit2TheoryStackTraceParser" filename="C:\projects\approvaltests-net\src\ApprovalTests\Namers\UnitTestFrameworks\XUnit2TheoryStackTraceParser.cs" line-rate="1" branch-rate="1" complexity="1">
          <methods>
            <method name="ForTestingFramework" signature="()" line-rate="1" branch-rate="1" complexity="NaN">
              <lines />
            </method>
            <method name="GetAttributeType" signature="()" line-rate="1" branch-rate="1" complexity="1">
              <lines />
            </method>
          </methods>
          <lines />
        </class>
        <class name="ApprovalTests.Namers.UseApprovalSubdirectoryAttribute" filename="C:\projects\approvaltests-net\src\ApprovalTests\Namers\UseApprovalSubdirectoryAttribute.cs" line-rate="1" branch-rate="1" complexity="NaN">
          <methods>
            <method name="Subdirectory" signature="()" line-rate="1" branch-rate="1" complexity="NaN">
              <lines />
            </method>
            <method name=".ctor" signature="(System.String)" line-rate="1" branch-rate="1" complexity="NaN">
              <lines />
            </method>
          </methods>
          <lines />
        </class>
        <class name="ApprovalTests.Persistence.ExecutableSqlQuery" filename="C:\projects\approvaltests-net\src\ApprovalTests\Persistence\ExecutableSqlQuery.cs" line-rate="1" branch-rate="1" complexity="1">
          <methods>
            <method name=".ctor" signature="(ApprovalUtilities.Persistence.Database.IDatabaseToExecutableQueryAdapter)" line-rate="1" branch-rate="1" complexity="NaN">
              <lines />
            </method>
            <method name="GetQuery" signature="()" line-rate="1" branch-rate="1" complexity="1">
              <lines />
            </method>
            <method name="ExecuteQuery" signature="(System.String)" line-rate="1" branch-rate="1" complexity="NaN">
              <lines />
            </method>
          </methods>
          <lines />
        </class>
        <class name="ApprovalTests.Reporters.AllFailingTestsClipboardReporter" filename="C:\projects\approvaltests-net\src\ApprovalTests\Reporters\AllFailingTestsClipboardReporter.cs" line-rate="1" branch-rate="1" complexity="1">
          <methods>
            <method name="Report" signature="(System.String,System.String)" line-rate="1" branch-rate="1" complexity="NaN">
              <lines />
            </method>
            <method name=".cctor" signature="()" line-rate="1" branch-rate="1" complexity="1">
              <lines />
            </method>
          </methods>
          <lines />
        </class>
        <class name="ApprovalTests.Reporters.AraxisMergeReporter" filename="C:\projects\approvaltests-net\src\ApprovalTests\Reporters\Tools\AraxisMergeReporter.cs" line-rate="1" branch-rate="1" complexity="2">
          <methods>
            <method name=".ctor" signature="()" line-rate="1" branch-rate="1" complexity="1">
              <lines />
            </method>
            <method name=".cctor" signature="()" line-rate="1" branch-rate="1" complexity="1">
              <lines />
            </method>
          </methods>
          <lines />
        </class>
        <class name="ApprovalTests.Reporters.BeyondCompareReporter" filename="C:\projects\approvaltests-net\src\ApprovalTests\Reporters\Tools\BeyondCompareReporter.cs" line-rate="1" branch-rate="1" complexity="2">
          <methods>
            <method name=".ctor" signature="()" line-rate="1" branch-rate="1" complexity="1">
              <lines />
            </method>
            <method name=".cctor" signature="()" line-rate="1" branch-rate="1" complexity="1">
              <lines />
            </method>
          </methods>
          <lines />
        </class>
        <class name="ApprovalTests.Reporters.ClipboardReporter" filename="C:\projects\approvaltests-net\src\ApprovalTests\Reporters\ClipboardReporter.cs" line-rate="1" branch-rate="1" complexity="1">
          <methods>
            <method name="Report" signature="(System.String,System.String)" line-rate="1" branch-rate="1" complexity="NaN">
              <lines />
            </method>
            <method name=".cctor" signature="()" line-rate="1" branch-rate="1" complexity="1">
              <lines />
            </method>
          </methods>
          <lines />
        </class>
        <class name="ApprovalTests.Reporters.CodeCompareReporter" filename="C:\projects\approvaltests-net\src\ApprovalTests\Reporters\Tools\CodeCompareReporter.cs" line-rate="1" branch-rate="1" complexity="2">
          <methods>
            <method name=".ctor" signature="()" line-rate="1" branch-rate="1" complexity="1">
              <lines />
            </method>
            <method name=".cctor" signature="()" line-rate="1" branch-rate="1" complexity="1">
              <lines />
            </method>
          </methods>
          <lines />
        </class>
        <class name="ApprovalTests.Reporters.ContinuousIntegration.AppVeyorReporter" filename="C:\projects\approvaltests-net\src\ApprovalTests\Reporters\ContinuousIntegration\AppVeyorReporter.cs" line-rate="1" branch-rate="1" complexity="1">
          <methods>
            <method name="Report" signature="(System.String,System.String)" line-rate="1" branch-rate="1" complexity="NaN">
              <lines />
            </method>
            <method name="IsWorkingInThisEnvironment" signature="(System.String)" line-rate="1" branch-rate="1" complexity="NaN">
              <lines />
            </method>
            <method name=".cctor" signature="()" line-rate="1" branch-rate="1" complexity="1">
              <lines />
            </method>
          </methods>
          <lines />
        </class>
        <class name="ApprovalTests.Reporters.ContinuousIntegration.BambooReporter" filename="C:\projects\approvaltests-net\src\ApprovalTests\Reporters\ContinuousIntegration\BambooReporter.cs" line-rate="1" branch-rate="1" complexity="1">
          <methods>
            <method name="Report" signature="(System.String,System.String)" line-rate="1" branch-rate="1" complexity="NaN">
              <lines />
            </method>
            <method name="IsWorkingInThisEnvironment" signature="(System.String)" line-rate="1" branch-rate="1" complexity="NaN">
              <lines />
            </method>
            <method name=".cctor" signature="()" line-rate="1" branch-rate="1" complexity="1">
              <lines />
            </method>
          </methods>
          <lines />
        </class>
        <class name="ApprovalTests.Reporters.ContinuousIntegration.ContinuousDeliveryUtils" filename="C:\projects\approvaltests-net\src\ApprovalTests\Reporters\ContinuousIntegration\ContinuousDeliveryUtils.cs" line-rate="1" branch-rate="1" complexity="NaN">
          <methods>
            <method name="ReportOnServer" signature="(System.String,System.String)" line-rate="1" branch-rate="1" complexity="NaN">
              <lines />
            </method>
          </methods>
          <lines />
        </class>
        <class name="ApprovalTests.Reporters.ContinuousIntegration.GoContinuousDeliveryReporter" filename="C:\projects\approvaltests-net\src\ApprovalTests\Reporters\ContinuousIntegration\GoContinuousDeliveryReporter.cs" line-rate="1" branch-rate="1" complexity="1">
          <methods>
            <method name="Report" signature="(System.String,System.String)" line-rate="1" branch-rate="1" complexity="NaN">
              <lines />
            </method>
            <method name="IsWorkingInThisEnvironment" signature="(System.String)" line-rate="1" branch-rate="1" complexity="NaN">
              <lines />
            </method>
            <method name=".cctor" signature="()" line-rate="1" branch-rate="1" complexity="1">
              <lines />
            </method>
          </methods>
          <lines />
        </class>
        <class name="ApprovalTests.Reporters.ContinuousIntegration.JenkinsReporter" filename="C:\projects\approvaltests-net\src\ApprovalTests\Reporters\ContinuousIntegration\JenkinsReporter.cs" line-rate="1" branch-rate="1" complexity="1">
          <methods>
            <method name="Report" signature="(System.String,System.String)" line-rate="1" branch-rate="1" complexity="NaN">
              <lines />
            </method>
            <method name="IsWorkingInThisEnvironment" signature="(System.String)" line-rate="1" branch-rate="1" complexity="NaN">
              <lines />
            </method>
            <method name=".cctor" signature="()" line-rate="1" branch-rate="1" complexity="1">
              <lines />
            </method>
          </methods>
          <lines />
        </class>
        <class name="ApprovalTests.Reporters.ContinuousIntegration.MightyMooseAutoTestReporter" filename="C:\projects\approvaltests-net\src\ApprovalTests\Reporters\ContinuousIntegration\MightyMooseAutoTestReporter.cs" line-rate="1" branch-rate="1" complexity="1">
          <methods>
            <method name="Report" signature="(System.String,System.String)" line-rate="1" branch-rate="1" complexity="NaN">
              <lines />
            </method>
            <method name="IsWorkingInThisEnvironment" signature="(System.String)" line-rate="1" branch-rate="1" complexity="NaN">
              <lines />
            </method>
            <method name=".cctor" signature="()" line-rate="1" branch-rate="1" complexity="1">
              <lines />
            </method>
          </methods>
          <lines />
        </class>
        <class name="ApprovalTests.Reporters.ContinuousIntegration.MyGetReporter" filename="C:\projects\approvaltests-net\src\ApprovalTests\Reporters\ContinuousIntegration\MyGetReporter.cs" line-rate="1" branch-rate="1" complexity="1">
          <methods>
            <method name="Report" signature="(System.String,System.String)" line-rate="1" branch-rate="1" complexity="NaN">
              <lines />
            </method>
            <method name="IsWorkingInThisEnvironment" signature="(System.String)" line-rate="1" branch-rate="1" complexity="NaN">
              <lines />
            </method>
            <method name=".cctor" signature="()" line-rate="1" branch-rate="1" complexity="1">
              <lines />
            </method>
          </methods>
          <lines />
        </class>
        <class name="ApprovalTests.Reporters.ContinuousIntegration.NCrunchReporter" filename="C:\projects\approvaltests-net\src\ApprovalTests\Reporters\ContinuousIntegration\NCrunchReporter.cs" line-rate="1" branch-rate="1" complexity="1">
          <methods>
            <method name="Report" signature="(System.String,System.String)" line-rate="1" branch-rate="1" complexity="NaN">
              <lines />
            </method>
            <method name="IsWorkingInThisEnvironment" signature="(System.String)" line-rate="1" branch-rate="1" complexity="NaN">
              <lines />
            </method>
            <method name=".cctor" signature="()" line-rate="1" branch-rate="1" complexity="1">
              <lines />
            </method>
          </methods>
          <lines />
        </class>
        <class name="ApprovalTests.Reporters.ContinuousIntegration.TeamCityReporter" filename="C:\projects\approvaltests-net\src\ApprovalTests\Reporters\ContinuousIntegration\TeamCityReporter.cs" line-rate="1" branch-rate="1" complexity="1">
          <methods>
            <method name="Report" signature="(System.String,System.String)" line-rate="1" branch-rate="1" complexity="NaN">
              <lines />
            </method>
            <method name="IsWorkingInThisEnvironment" signature="(System.String)" line-rate="1" branch-rate="1" complexity="NaN">
              <lines />
            </method>
            <method name=".cctor" signature="()" line-rate="1" branch-rate="1" complexity="1">
              <lines />
            </method>
          </methods>
          <lines />
        </class>
        <class name="ApprovalTests.Reporters.ContinuousIntegration.TfsReporter" filename="C:\projects\approvaltests-net\src\ApprovalTests\Reporters\ContinuousIntegration\TfsReporter.cs" line-rate="1" branch-rate="1" complexity="1">
          <methods>
            <method name="IsWorkingInThisEnvironment" signature="(System.String)" line-rate="1" branch-rate="1" complexity="NaN">
              <lines />
            </method>
            <method name="Report" signature="(System.String,System.String)" line-rate="1" branch-rate="1" complexity="NaN">
              <lines />
            </method>
            <method name=".cctor" signature="()" line-rate="1" branch-rate="1" complexity="1">
              <lines />
            </method>
          </methods>
          <lines />
        </class>
        <class name="ApprovalTests.Reporters.ContinuousIntegration.TfsVnextReporter" filename="C:\projects\approvaltests-net\src\ApprovalTests\Reporters\ContinuousIntegration\TfsVnextReporter.cs" line-rate="1" branch-rate="1" complexity="1">
          <methods>
            <method name="Report" signature="(System.String,System.String)" line-rate="1" branch-rate="1" complexity="NaN">
              <lines />
            </method>
            <method name="IsWorkingInThisEnvironment" signature="(System.String)" line-rate="1" branch-rate="1" complexity="NaN">
              <lines />
            </method>
            <method name=".cctor" signature="()" line-rate="1" branch-rate="1" complexity="1">
              <lines />
            </method>
          </methods>
          <lines />
        </class>
        <class name="ApprovalTests.Reporters.DefaultFrontLoaderReporter" filename="C:\projects\approvaltests-net\src\ApprovalTests\Reporters\DefaultFrontLoaderReporter.cs" line-rate="1" branch-rate="1" complexity="2">
          <methods>
            <method name=".ctor" signature="()" line-rate="1" branch-rate="1" complexity="1">
              <lines />
            </method>
            <method name=".cctor" signature="()" line-rate="1" branch-rate="1" complexity="1">
              <lines />
            </method>
          </methods>
          <lines />
        </class>
        <class name="ApprovalTests.Reporters.DiffMergeReporter" filename="C:\projects\approvaltests-net\src\ApprovalTests\Reporters\Tools\DiffMergeReporter.cs" line-rate="1" branch-rate="1" complexity="2">
          <methods>
            <method name=".ctor" signature="()" line-rate="1" branch-rate="1" complexity="1">
              <lines />
            </method>
            <method name=".cctor" signature="()" line-rate="1" branch-rate="1" complexity="1">
              <lines />
            </method>
          </methods>
          <lines />
        </class>
        <class name="ApprovalTests.Reporters.DiffReporter" filename="C:\projects\approvaltests-net\src\ApprovalTests\Reporters\DiffReporter.cs" line-rate="1" branch-rate="1" complexity="1">
          <methods>
            <method name="Report" signature="(System.String,System.String)" line-rate="1" branch-rate="1" complexity="NaN">
              <lines />
            </method>
            <method name="IsWorkingInThisEnvironment" signature="(System.String)" line-rate="1" branch-rate="1" complexity="NaN">
              <lines />
            </method>
            <method name=".cctor" signature="()" line-rate="1" branch-rate="1" complexity="1">
              <lines />
            </method>
          </methods>
          <lines />
        </class>
        <class name="ApprovalTests.Reporters.DiffToolReporter" filename="C:\projects\approvaltests-net\src\ApprovalTests\Reporters\DiffToolReporter.cs" line-rate="1" branch-rate="1" complexity="NaN">
          <methods>
            <method name=".ctor" signature="(DiffEngine.DiffTool)" line-rate="1" branch-rate="1" complexity="NaN">
              <lines />
            </method>
            <method name="Report" signature="(System.String,System.String)" line-rate="1" branch-rate="1" complexity="NaN">
              <lines />
            </method>
            <method name="IsWorkingInThisEnvironment" signature="(System.String)" line-rate="1" branch-rate="1" complexity="NaN">
              <lines />
            </method>
          </methods>
          <lines />
        </class>
        <class name="ApprovalTests.Reporters.ExecutableQueryFailure" filename="C:\projects\approvaltests-net\src\ApprovalTests\Reporters\ExecutableQueryFailure.cs" line-rate="1" branch-rate="1" complexity="NaN">
          <methods>
            <method name=".ctor" signature="(ApprovalUtilities.Persistence.IExecutableQuery,ApprovalTests.Core.IApprovalFailureReporter)" line-rate="1" branch-rate="1" complexity="NaN">
              <lines />
            </method>
            <method name="CleanUp" signature="(System.String,System.String)" line-rate="1" branch-rate="1" complexity="NaN">
              <lines />
            </method>
            <method name="Report" signature="(System.String,System.String)" line-rate="1" branch-rate="1" complexity="NaN">
              <lines />
            </method>
            <method name="RunQueryAndGetPath" signature="(System.String,ApprovalTests.Reporters.QueryResult)" line-rate="1" branch-rate="1" complexity="NaN">
              <lines />
            </method>
            <method name="ExecuteQuery" signature="(System.String)" line-rate="1" branch-rate="1" complexity="NaN">
              <lines />
            </method>
          </methods>
          <lines />
        </class>
        <class name="ApprovalTests.Reporters.FileLauncherReporter" filename="C:\projects\approvaltests-net\src\ApprovalTests\Reporters\FileLauncherReporter.cs" line-rate="1" branch-rate="1" complexity="1">
          <methods>
            <method name="Report" signature="(System.String,System.String)" line-rate="1" branch-rate="1" complexity="NaN">
              <lines />
            </method>
            <method name=".cctor" signature="()" line-rate="1" branch-rate="1" complexity="1">
              <lines />
            </method>
          </methods>
          <lines />
        </class>
        <class name="ApprovalTests.Reporters.FirstWorkingReporter" filename="C:\projects\approvaltests-net\src\ApprovalTests\Reporters\FirstWorkingReporter.cs" line-rate="1" branch-rate="1" complexity="NaN">
          <methods>
            <method name="Reporters" signature="()" line-rate="1" branch-rate="1" complexity="NaN">
              <lines />
            </method>
            <method name=".ctor" signature="(ApprovalTests.Core.IEnvironmentAwareReporter[])" line-rate="1" branch-rate="1" complexity="NaN">
              <lines />
            </method>
            <method name=".ctor" signature="(System.Collections.Generic.IEnumerable`1&lt;ApprovalTests.Core.IEnvironmentAwareReporter&gt;)" line-rate="1" branch-rate="1" complexity="NaN">
              <lines />
            </method>
            <method name="Report" signature="(System.String,System.String)" line-rate="1" branch-rate="1" complexity="NaN">
              <lines />
            </method>
            <method name="IsWorkingInThisEnvironment" signature="(System.String)" line-rate="1" branch-rate="1" complexity="NaN">
              <lines />
[...]
              <lines />
            </method>
            <method name="RequireXunitTestProperty" signature="(System.Boolean)" line-rate="1" branch-rate="1" complexity="NaN">
              <lines />
            </method>
          </methods>
          <lines />
        </class>
        <class name="Xunit.Runner.VisualStudio.VisualStudioRunnerLogger" filename="C:\Dev\xunit\xunit\src\xunit.runner.visualstudio\Utility\VisualStudioRunnerLogger.cs" line-rate="1" branch-rate="1" complexity="1">
          <methods>
            <method name="LockObject" signature="()" line-rate="1" branch-rate="1" complexity="NaN">
              <lines />
            </method>
            <method name=".ctor" signature="(LoggerHelper)" line-rate="1" branch-rate="1" complexity="NaN">
              <lines />
            </method>
            <method name="LogError" signature="(Xunit.StackFrameInfo,System.String)" line-rate="1" branch-rate="1" complexity="NaN">
              <lines />
            </method>
            <method name="LogImportantMessage" signature="(Xunit.StackFrameInfo,System.String)" line-rate="1" branch-rate="1" complexity="NaN">
              <lines />
            </method>
            <method name="LogMessage" signature="(Xunit.StackFrameInfo,System.String)" line-rate="1" branch-rate="1" complexity="NaN">
              <lines />
            </method>
            <method name="LogWarning" signature="(Xunit.StackFrameInfo,System.String)" line-rate="1" branch-rate="1" complexity="NaN">
              <lines />
            </method>
            <method name=".cctor" signature="()" line-rate="1" branch-rate="1" complexity="1">
              <lines />
            </method>
          </methods>
          <lines />
        </class>
        <class name="Xunit.Runner.VisualStudio.VsDiscoverySink" filename="C:\Dev\xunit\xunit\src\xunit.runner.visualstudio\Sinks\VsDiscoverySink.cs" line-rate="1" branch-rate="1" complexity="11">
          <methods>
            <method name="Finished" signature="()" line-rate="1" branch-rate="1" complexity="NaN">
              <lines />
            </method>
            <method name="TotalTests" signature="()" line-rate="1" branch-rate="1" complexity="NaN">
              <lines />
            </method>
            <method name="TotalTests" signature="(System.Int32)" line-rate="1" branch-rate="1" complexity="NaN">
              <lines />
            </method>
            <method name=".ctor" signature="(System.String,Xunit.Abstractions.ITestFrameworkDiscoverer,LoggerHelper,Microsoft.VisualStudio.TestPlatform.ObjectModel.Adapter.ITestCaseDiscoverySink,Xunit.Abstractions.ITestFrameworkDiscoveryOptions,Xunit.Runner.VisualStudio.TestPlatformContext,System.Func`1&lt;System.Boolean&gt;)" line-rate="1" branch-rate="1" complexity="NaN">
              <lines />
            </method>
            <method name="Dispose" signature="()" line-rate="1" branch-rate="1" complexity="1">
              <lines />
            </method>
            <method name="CreateVsTestCase" signature="(System.String,Xunit.TestCaseDescriptor,LoggerHelper,Xunit.Runner.VisualStudio.TestPlatformContext)" line-rate="1" branch-rate="1" complexity="NaN">
              <lines />
            </method>
            <method name="Escape" signature="(System.String)" line-rate="1" branch-rate="1" complexity="NaN">
              <lines />
            </method>
            <method name="Truncate" signature="(System.String)" line-rate="1" branch-rate="1" complexity="NaN">
              <lines />
            </method>
            <method name="Finish" signature="()" line-rate="1" branch-rate="1" complexity="1">
              <lines />
            </method>
            <method name="GetAddTraitThunk" signature="()" line-rate="1" branch-rate="1" complexity="3">
              <lines />
            </method>
            <method name="HandleCancellation" signature="(Xunit.MessageHandlerArgs)" line-rate="1" branch-rate="1" complexity="NaN">
              <lines />
            </method>
            <method name="HandleTestCaseDiscoveryMessage" signature="(Xunit.MessageHandlerArgs`1&lt;Xunit.Abstractions.ITestCaseDiscoveryMessage&gt;)" line-rate="1" branch-rate="1" complexity="NaN">
              <lines />
            </method>
            <method name="HandleDiscoveryCompleteMessage" signature="(Xunit.MessageHandlerArgs`1&lt;Xunit.Abstractions.IDiscoveryCompleteMessage&gt;)" line-rate="1" branch-rate="1" complexity="NaN">
              <lines />
            </method>
            <method name="Xunit.IMessageSinkWithTypes.OnMessageWithTypes" signature="(Xunit.Abstractions.IMessageSinkMessage,System.Collections.Generic.HashSet`1&lt;System.String&gt;)" line-rate="1" branch-rate="1" complexity="NaN">
              <lines />
            </method>
            <method name="SendExistingTestCases" signature="()" line-rate="1" branch-rate="1" complexity="5">
              <lines />
            </method>
            <method name="GuidFromString" signature="(System.String)" line-rate="1" branch-rate="1" complexity="NaN">
              <lines />
            </method>
            <method name=".cctor" signature="()" line-rate="1" branch-rate="1" complexity="1">
              <lines />
            </method>
          </methods>
          <lines />
        </class>
        <class name="Xunit.Runner.VisualStudio.VsExecutionDiscoverySink" filename="C:\Dev\xunit\xunit\src\xunit.runner.visualstudio\Sinks\VsExecutionDiscoverySink.cs" line-rate="1" branch-rate="1" complexity="1">
          <methods>
            <method name=".ctor" signature="(System.Func`1&lt;System.Boolean&gt;)" line-rate="1" branch-rate="1" complexity="NaN">
              <lines />
            </method>
            <method name="Finish" signature="()" line-rate="1" branch-rate="1" complexity="1">
              <lines />
            </method>
          </methods>
          <lines />
        </class>
        <class name="Xunit.Runner.VisualStudio.VsExecutionSink" filename="C:\Dev\xunit\xunit\src\xunit.runner.visualstudio\Sinks\VsExecutionSink.cs" line-rate="1" branch-rate="1" complexity="1">
          <methods>
            <method name="ExecutionSummary" signature="()" line-rate="1" branch-rate="1" complexity="NaN">
              <lines />
            </method>
            <method name="ExecutionSummary" signature="(Xunit.ExecutionSummary)" line-rate="1" branch-rate="1" complexity="NaN">
              <lines />
            </method>
            <method name="Finished" signature="()" line-rate="1" branch-rate="1" complexity="NaN">
              <lines />
            </method>
            <method name=".ctor" signature="(Xunit.IMessageSinkWithTypes,Microsoft.VisualStudio.TestPlatform.ObjectModel.Adapter.ITestExecutionRecorder,LoggerHelper,System.Collections.Generic.Dictionary`2&lt;System.String,Microsoft.VisualStudio.TestPlatform.ObjectModel.TestCase&gt;,Xunit.Abstractions.ITestFrameworkExecutionOptions,System.Func`1&lt;System.Boolean&gt;)" line-rate="1" branch-rate="1" complexity="NaN">
              <lines />
            </method>
            <method name="Dispose" signature="()" line-rate="1" branch-rate="1" complexity="1">
              <lines />
            </method>
            <method name="FindTestCase" signature="(Xunit.Abstractions.ITestCase)" line-rate="1" branch-rate="1" complexity="NaN">
              <lines />
            </method>
            <method name="TryAndReport" signature="(System.String,Xunit.Abstractions.ITestCase,System.Action)" line-rate="1" branch-rate="1" complexity="NaN">
              <lines />
            </method>
            <method name="HandleCancellation" signature="(Xunit.MessageHandlerArgs)" line-rate="1" branch-rate="1" complexity="NaN">
              <lines />
            </method>
            <method name="HandleErrorMessage" signature="(Xunit.MessageHandlerArgs`1&lt;Xunit.Abstractions.IErrorMessage&gt;)" line-rate="1" branch-rate="1" complexity="NaN">
              <lines />
            </method>
            <method name="HandleTestAssemblyFinished" signature="(Xunit.MessageHandlerArgs`1&lt;Xunit.Abstractions.ITestAssemblyFinished&gt;)" line-rate="1" branch-rate="1" complexity="NaN">
              <lines />
            </method>
            <method name="HandleTestFailed" signature="(Xunit.MessageHandlerArgs`1&lt;Xunit.Abstractions.ITestFailed&gt;)" line-rate="1" branch-rate="1" complexity="NaN">
              <lines />
            </method>
            <method name="HandleTestPassed" signature="(Xunit.MessageHandlerArgs`1&lt;Xunit.Abstractions.ITestPassed&gt;)" line-rate="1" branch-rate="1" complexity="NaN">
              <lines />
            </method>
            <method name="HandleTestSkipped" signature="(Xunit.MessageHandlerArgs`1&lt;Xunit.Abstractions.ITestSkipped&gt;)" line-rate="1" branch-rate="1" complexity="NaN">
              <lines />
            </method>
            <method name="HandleTestCaseStarting" signature="(Xunit.MessageHandlerArgs`1&lt;Xunit.Abstractions.ITestCaseStarting&gt;)" line-rate="1" branch-rate="1" complexity="NaN">
              <lines />
            </method>
            <method name="HandleTestCaseFinished" signature="(Xunit.MessageHandlerArgs`1&lt;Xunit.Abstractions.ITestCaseFinished&gt;)" line-rate="1" branch-rate="1" complexity="NaN">
              <lines />
            </method>
            <method name="HandleTestAssemblyCleanupFailure" signature="(Xunit.MessageHandlerArgs`1&lt;Xunit.Abstractions.ITestAssemblyCleanupFailure&gt;)" line-rate="1" branch-rate="1" complexity="NaN">
              <lines />
            </method>
            <method name="HandleTestCaseCleanupFailure" signature="(Xunit.MessageHandlerArgs`1&lt;Xunit.Abstractions.ITestCaseCleanupFailure&gt;)" line-rate="1" branch-rate="1" complexity="NaN">
              <lines />
            </method>
            <method name="HandleTestClassCleanupFailure" signature="(Xunit.MessageHandlerArgs`1&lt;Xunit.Abstractions.ITestClassCleanupFailure&gt;)" line-rate="1" branch-rate="1" complexity="NaN">
              <lines />
            </method>
            <method name="HandleTestCollectionCleanupFailure" signature="(Xunit.MessageHandlerArgs`1&lt;Xunit.Abstractions.ITestCollectionCleanupFailure&gt;)" line-rate="1" branch-rate="1" complexity="NaN">
              <lines />
            </method>
            <method name="HandleTestCleanupFailure" signature="(Xunit.MessageHandlerArgs`1&lt;Xunit.Abstractions.ITestCleanupFailure&gt;)" line-rate="1" branch-rate="1" complexity="NaN">
              <lines />
            </method>
            <method name="HandleTestMethodCleanupFailure" signature="(Xunit.MessageHandlerArgs`1&lt;Xunit.Abstractions.ITestMethodCleanupFailure&gt;)" line-rate="1" branch-rate="1" complexity="NaN">
              <lines />
            </method>
            <method name="WriteError" signature="(System.String,Xunit.Abstractions.IFailureInformation,System.Collections.Generic.IEnumerable`1&lt;Xunit.Abstractions.ITestCase&gt;)" line-rate="1" branch-rate="1" complexity="NaN">
              <lines />
            </method>
            <method name="MakeVsTestResult" signature="(Microsoft.VisualStudio.TestPlatform.ObjectModel.TestOutcome,Xunit.Abstractions.ITestResultMessage)" line-rate="1" branch-rate="1" complexity="NaN">
              <lines />
            </method>
            <method name="MakeVsTestResult" signature="(Microsoft.VisualStudio.TestPlatform.ObjectModel.TestOutcome,Xunit.Abstractions.ITestSkipped)" line-rate="1" branch-rate="1" complexity="NaN">
              <lines />
            </method>
            <method name="MakeVsTestResult" signature="(Microsoft.VisualStudio.TestPlatform.ObjectModel.TestOutcome,Xunit.Abstractions.ITestCase,System.String,System.Double,System.String)" line-rate="1" branch-rate="1" complexity="NaN">
              <lines />
            </method>
            <method name="GetAggregatedTestOutcome" signature="(Xunit.Abstractions.ITestCaseFinished)" line-rate="1" branch-rate="1" complexity="NaN">
              <lines />
            </method>
            <method name="OnMessageWithTypes" signature="(Xunit.Abstractions.IMessageSinkMessage,System.Collections.Generic.HashSet`1&lt;System.String&gt;)" line-rate="1" branch-rate="1" complexity="NaN">
              <lines />
            </method>
          </methods>
          <lines />
        </class>
        <class name="Xunit.Runner.VisualStudio.VsTestRunner" filename="C:\Dev\xunit\xunit\src\xunit.runner.visualstudio\VsTestRunner.cs" line-rate="1" branch-rate="1" complexity="3">
          <methods>
            <method name="Cancel" signature="()" line-rate="1" branch-rate="1" complexity="1">
              <lines />
            </method>
            <method name="Microsoft.VisualStudio.TestPlatform.ObjectModel.Adapter.ITestDiscoverer.DiscoverTests" signature="(System.Collections.Generic.IEnumerable`1&lt;System.String&gt;,Microsoft.VisualStudio.TestPlatform.ObjectModel.Adapter.IDiscoveryContext,Microsoft.VisualStudio.TestPlatform.ObjectModel.Logging.IMessageLogger,Microsoft.VisualStudio.TestPlatform.ObjectModel.Adapter.ITestCaseDiscoverySink)" line-rate="1" branch-rate="1" complexity="NaN">
              <lines />
            </method>
            <method name="PrintHeader" signature="(LoggerHelper)" line-rate="1" branch-rate="1" complexity="NaN">
              <lines />
            </method>
            <method name="Microsoft.VisualStudio.TestPlatform.ObjectModel.Adapter.ITestExecutor.RunTests" signature="(System.Collections.Generic.IEnumerable`1&lt;System.String&gt;,Microsoft.VisualStudio.TestPlatform.ObjectModel.Adapter.IRunContext,Microsoft.VisualStudio.TestPlatform.ObjectModel.Adapter.IFrameworkHandle)" line-rate="1" branch-rate="1" complexity="NaN">
              <lines />
            </method>
            <method name="Microsoft.VisualStudio.TestPlatform.ObjectModel.Adapter.ITestExecutor.RunTests" signature="(System.Collections.Generic.IEnumerable`1&lt;Microsoft.VisualStudio.TestPlatform.ObjectModel.TestCase&gt;,Microsoft.VisualStudio.TestPlatform.ObjectModel.Adapter.IRunContext,Microsoft.VisualStudio.TestPlatform.ObjectModel.Adapter.IFrameworkHandle)" line-rate="1" branch-rate="1" complexity="NaN">
              <lines />
            </method>
            <method name="ContainsAppX" signature="(System.Collections.Generic.IEnumerable`1&lt;System.String&gt;)" line-rate="1" branch-rate="1" complexity="NaN">
              <lines />
            </method>
            <method name="DiscoverTests" signature="(System.Collections.Generic.IEnumerable`1&lt;System.String&gt;,LoggerHelper,Xunit.Runner.VisualStudio.TestPlatformContext,Xunit.Runner.VisualStudio.RunSettings,System.Func`4&lt;System.String,Xunit.Abstractions.ITestFrameworkDiscoverer,Xunit.Abstractions.ITestFrameworkDiscoveryOptions,TVisitor&gt;,System.Action`4&lt;System.String,Xunit.Abstractions.ITestFrameworkDiscoverer,Xunit.Abstractions.ITestFrameworkDiscoveryOptions,TVisitor&gt;)" line-rate="1" branch-rate="1" complexity="NaN">
              <lines />
            </method>
            <method name="DiscoverTestsInSource" signature="(Xunit.XunitFrontController,LoggerHelper,Xunit.Runner.VisualStudio.TestPlatformContext,Xunit.Runner.VisualStudio.RunSettings,System.Func`4&lt;System.String,Xunit.Abstractions.ITestFrameworkDiscoverer,Xunit.Abstractions.ITestFrameworkDiscoveryOptions,TVisitor&gt;,System.Action`4&lt;System.String,Xunit.Abstractions.ITestFrameworkDiscoverer,Xunit.Abstractions.ITestFrameworkDiscoveryOptions,TVisitor&gt;,System.String,System.Boolean,Xunit.TestAssemblyConfiguration)" line-rate="1" branch-rate="1" complexity="NaN">
              <lines />
            </method>
            <method name="GetConfigurationStreamForAssembly" signature="(System.String)" line-rate="1" branch-rate="1" complexity="NaN">
              <lines />
            </method>
            <method name="GetTestProperty" signature="()" line-rate="1" branch-rate="1" complexity="1">
              <lines />
            </method>
            <method name="IsXunitTestAssembly" signature="(System.String)" line-rate="1" branch-rate="1" complexity="NaN">
              <lines />
            </method>
            <method name="GetAssemblyFileName" signature="(System.String)" line-rate="1" branch-rate="1" complexity="NaN">
              <lines />
            </method>
            <method name="LoadConfiguration" signature="(System.String)" line-rate="1" branch-rate="1" complexity="NaN">
              <lines />
            </method>
            <method name="RunTests" signature="(Microsoft.VisualStudio.TestPlatform.ObjectModel.Adapter.IRunContext,Microsoft.VisualStudio.TestPlatform.ObjectModel.Adapter.IFrameworkHandle,LoggerHelper,Xunit.Runner.VisualStudio.TestPlatformContext,Xunit.Runner.VisualStudio.RunSettings,System.Func`1&lt;System.Collections.Generic.List`1&lt;Xunit.Runner.VisualStudio.AssemblyRunInfo&gt;&gt;)" line-rate="1" branch-rate="1" complexity="NaN">
              <lines />
            </method>
            <method name="RunTestsInAssembly" signature="(Microsoft.VisualStudio.TestPlatform.ObjectModel.Adapter.IRunContext,Microsoft.VisualStudio.TestPlatform.ObjectModel.Adapter.IFrameworkHandle,LoggerHelper,Xunit.Runner.VisualStudio.TestPlatformContext,Xunit.Runner.VisualStudio.RunSettings,Xunit.IMessageSinkWithTypes,Xunit.Runner.VisualStudio.AssemblyRunInfo)" line-rate="1" branch-rate="1" complexity="NaN">
              <lines />
            </method>
            <method name="RunTestsInAssemblyAsync" signature="(Microsoft.VisualStudio.TestPlatform.ObjectModel.Adapter.IRunContext,Microsoft.VisualStudio.TestPlatform.ObjectModel.Adapter.IFrameworkHandle,LoggerHelper,Xunit.Runner.VisualStudio.TestPlatformContext,Xunit.Runner.VisualStudio.RunSettings,Xunit.IMessageSinkWithTypes,Xunit.Runner.VisualStudio.AssemblyRunInfo)" line-rate="1" branch-rate="1" complexity="NaN">
              <lines />
            </method>
            <method name="GetRunnerReporter" signature="(LoggerHelper,Xunit.Runner.VisualStudio.RunSettings,System.Collections.Generic.IEnumerable`1&lt;System.String&gt;)" line-rate="1" branch-rate="1" complexity="NaN">
              <lines />
            </method>
            <method name="GetAvailableRunnerReporters" signature="(System.Collections.Generic.IEnumerable`1&lt;System.String&gt;)" line-rate="1" branch-rate="1" complexity="NaN">
              <lines />
            </method>
            <method name="GetVsTestCases" signature="(System.String,Xunit.Abstractions.ITestFrameworkDiscoverer,Xunit.Runner.VisualStudio.VsExecutionDiscoverySink,LoggerHelper,Xunit.Runner.VisualStudio.TestPlatformContext)" line-rate="1" branch-rate="1" complexity="NaN">
              <lines />
            </method>
            <method name=".cctor" signature="()" line-rate="1" branch-rate="1" complexity="1">
              <lines />
            </method>
            <method name="Name" signature="()" line-rate="1" branch-rate="1" complexity="NaN">
              <lines />
            </method>
            <method name="TraitNames" signature="()" line-rate="1" branch-rate="1" complexity="NaN">
              <lines />
            </method>
            <method name="VSTestCase" signature="()" line-rate="1" branch-rate="1" complexity="NaN">
              <lines />
            </method>
            <method name="TestCase" signature="()" line-rate="1" branch-rate="1" complexity="NaN">
              <lines />
            </method>
            <method name="UniqueID" signature="()" line-rate="1" branch-rate="1" complexity="NaN">
              <lines />
            </method>
            <method name=".ctor" signature="(System.String,Xunit.TestCaseDescriptor,Xunit.Abstractions.ITestCase,LoggerHelper,Xunit.Runner.VisualStudio.TestPlatformContext)" line-rate="1" branch-rate="1" complexity="NaN">
              <lines />
            </method>
          </methods>
          <lines />
        </class>
      </classes>
    </package>
  </packages>
</coverage>